Build started 01/08/2014 16:36:31.
     1>Project "C:\Users\Dan\Documents\GitHub\FreeBody\Model v2\Model v2.vcxproj" on node 2 (Build target(s)).
     1>ClCompile:
         C:\Program Files (x86)\Microsoft Visual Studio 11.0\VC\bin\CL.exe /c /Zi /nologo /W3 /WX- /O2 /Oi /Oy- /GL /D WIN32 /D NDEBUG /D _CONSOLE /D _UNICODE /D UNICODE /Gm- /EHsc /MD /GS /Gy /fp:precise /Zc:wchar_t /Zc:forScope /Yc"stdafx.h" /Fp"Release\Model v2.pch" /Fo"Release\\" /Fd"Release\vc110.pdb" /Gd /TP /analyze- /errorReport:prompt stdafx.cpp
         stdafx.cpp
     1>c:\users\dan\documents\github\freebody\model v2\nrutil_nr.h(43): warning C4244: 'return' : conversion from 'const double' to 'float', possible loss of data
     1>c:\users\dan\documents\github\freebody\model v2\nrutil_nr.h(468): warning C4244: 'return' : conversion from 'double' to 'float', possible loss of data
     1>c:\users\dan\documents\github\freebody\model v2\nrutil_nr.h(469): warning C4244: 'return' : conversion from 'double' to 'float', possible loss of data
     1>c:\users\dan\documents\github\freebody\model v2\nrutil_nr.h(470): warning C4244: 'return' : conversion from 'double' to 'float', possible loss of data
     1>c:\users\dan\documents\github\freebody\model v2\nrutil_nr.h(471): warning C4244: 'return' : conversion from 'double' to 'float', possible loss of data
         C:\Program Files (x86)\Microsoft Visual Studio 11.0\VC\bin\CL.exe /c /Zi /nologo /W3 /WX- /O2 /Oi /Oy- /GL /D WIN32 /D NDEBUG /D _CONSOLE /D _UNICODE /D UNICODE /Gm- /EHsc /MD /GS /Gy /fp:precise /Zc:wchar_t /Zc:forScope /Yu"stdafx.h" /Fp"Release\Model v2.pch" /Fo"Release\\" /Fd"Release\vc110.pdb" /Gd /TP /analyze- /errorReport:prompt kin_cardan.cpp kin_compare_vec.cpp kin_dist_2_lines.cpp kin_dist_point_line.cpp kin_line_line_intersect.cpp kin_perp_point_on_line.cpp m02_04_01_scaling.cpp m02_05_02_patella_perf_parameters.cpp m02_05_03_patella_contact.cpp m02_07_tf_contact.cpp m02_10_define_rotation_centres.cpp m03_00_set_anth.cpp m02_05_01_joint_flexion.cpp m02_05_patella_segment.cpp m05_01_01_initialize_all_muscles.cpp m05_01_02_initialize_generic_quad.cpp m05_02_horsman_muscle_model.cpp m05_03_patella_ratios.cpp m06_03_output_opt_values_2.cpp m06_03_output_opt_values_3.cpp m06_03_output_opt_values_4.cpp m06_04_output_muscle_geometry.cpp m06_05_output_bony_geometry.cpp mus_length.cpp mus_length_change.cpp mus_opt_pt_1.cpp mus_opt_pt_2.cpp mus_opt_values_2.cpp mus_opt_values_3.cpp mus_upper_bound.cpp mus_wrapping.cpp m05_04_wrap_cylinder.cpp m06_00_output_data.cpp m06_01_output_kinematics.cpp m06_02_output_trad_ida.cpp m06_03_output_opt_values.cpp "Model v2.cpp" mus_opt_values_1.cpp seg_pos_point_in_lcs.cpp seg_rot_to_gcs.cpp Structure.cpp pythag.cpp struc_pos_point_in_calib.cpp struc_pos_point_in_lcs.cpp struc_rot_hors_to_lcs.cpp svbksb.cpp svdcmp.cpp tqli.cpp tred2.cpp math_det2.cpp math_det3.cpp math_dotprd.cpp math_crossprd.cpp math_deriv.cpp math_mxmply.cpp math_qcon.cpp math_qmply.cpp math_skew_vec_to_matrix.cpp math_trace.cpp math_transpose.cpp math_vecmag.cpp math_vecnorm.cpp math_zeromatrix.cpp math_max.cpp math_qnorm.cpp math_qnormalise.cpp kin_crossdisp.cpp kin_distpnts.cpp kin_markcalc.cpp kin_qcalc.cpp kin_qdot.cpp kin_qrotate.cpp kin_rmatcalc.cpp m02_00_create_segments.cpp m02_01_pick_model.cpp m02_02_make_lcs.cpp m02_03_horsman_landmarks.cpp m02_04_input_landmarks.cpp io_datainput.cpp io_dataoutput.cpp io_inop.cpp io_outop.cpp readdata.cpp writedata.cpp m01_00_data_input.cpp m01_01_dans_data_input.cpp m01_01_mapcoord.cpp m01_02_dans_calibration_data.cpp m01_03_save_raw_positions.cpp seg_accn_point_on_seg.cpp seg_alpha.cpp seg_calculate_transf_cal_to_gcs.cpp seg_calculate_transf_lcs_to_gcs.cpp seg_omega.cpp seg_origindot.cpp seg_origindotdot.cpp seg_pos_point_on_seg.cpp seg_qdot.cpp seg_qdotdot.cpp seg_solve_wrench_eqns.cpp seg_vel_point_on_seg.cpp Segment.cpp m03_00_calculate_kinematics.cpp m03_01_diff_q.cpp m03_02_calc_angular_quantities.cpp m02_03_01_calc_seg_pos_vectors.cpp m03_04_calc_linear_quantities.cpp m03_05_diff_origin.cpp m04_00_inverse_dynamics.cpp m05_00_muscle_model.cpp m05_01_pick_muscle_model.cpp mus_lcs_to_gcs.cpp
         kin_cardan.cpp
         kin_compare_vec.cpp
         kin_dist_2_lines.cpp
         kin_dist_point_line.cpp
         kin_line_line_intersect.cpp
         kin_perp_point_on_line.cpp
         m02_04_01_scaling.cpp
         m02_05_02_patella_perf_parameters.cpp
         m02_05_03_patella_contact.cpp
         m02_07_tf_contact.cpp
         m02_10_define_rotation_centres.cpp
         m03_00_set_anth.cpp
         m02_05_01_joint_flexion.cpp
         m02_05_patella_segment.cpp
         m05_01_01_initialize_all_muscles.cpp
         m05_01_02_initialize_generic_quad.cpp
         m05_02_horsman_muscle_model.cpp
         m05_03_patella_ratios.cpp
         m06_03_output_opt_values_2.cpp
         m06_03_output_opt_values_3.cpp
         Compiling...
         m06_03_output_opt_values_4.cpp
         m06_04_output_muscle_geometry.cpp
         m06_05_output_bony_geometry.cpp
         mus_length.cpp
         mus_length_change.cpp
         mus_opt_pt_1.cpp
         mus_opt_pt_2.cpp
         mus_opt_values_2.cpp
         mus_opt_values_3.cpp
         mus_upper_bound.cpp
         mus_wrapping.cpp
         m05_04_wrap_cylinder.cpp
         m06_00_output_data.cpp
         m06_01_output_kinematics.cpp
         m06_02_output_trad_ida.cpp
         m06_03_output_opt_values.cpp
         Model v2.cpp
         mus_opt_values_1.cpp
         seg_pos_point_in_lcs.cpp
         seg_rot_to_gcs.cpp
         Compiling...
         Structure.cpp
         pythag.cpp
         struc_pos_point_in_calib.cpp
         struc_pos_point_in_lcs.cpp
         struc_rot_hors_to_lcs.cpp
         svbksb.cpp
         svdcmp.cpp
         tqli.cpp
         tred2.cpp
         math_det2.cpp
         math_det3.cpp
         math_dotprd.cpp
         math_crossprd.cpp
         math_deriv.cpp
         math_mxmply.cpp
         math_qcon.cpp
         math_qmply.cpp
         math_skew_vec_to_matrix.cpp
         math_trace.cpp
         math_transpose.cpp
         Compiling...
         math_vecmag.cpp
         math_vecnorm.cpp
         math_zeromatrix.cpp
         math_max.cpp
         math_qnorm.cpp
         math_qnormalise.cpp
         kin_crossdisp.cpp
         kin_distpnts.cpp
         kin_markcalc.cpp
         kin_qcalc.cpp
         kin_qdot.cpp
         kin_qrotate.cpp
         kin_rmatcalc.cpp
         m02_00_create_segments.cpp
         m02_01_pick_model.cpp
         m02_02_make_lcs.cpp
         m02_03_horsman_landmarks.cpp
         m02_04_input_landmarks.cpp
         io_datainput.cpp
         io_dataoutput.cpp
         Compiling...
         io_inop.cpp
         io_outop.cpp
         readdata.cpp
         writedata.cpp
         m01_00_data_input.cpp
         m01_01_dans_data_input.cpp
         m01_01_mapcoord.cpp
         m01_02_dans_calibration_data.cpp
         m01_03_save_raw_positions.cpp
         seg_accn_point_on_seg.cpp
         seg_alpha.cpp
         seg_calculate_transf_cal_to_gcs.cpp
         seg_calculate_transf_lcs_to_gcs.cpp
         seg_omega.cpp
         seg_origindot.cpp
         seg_origindotdot.cpp
         seg_pos_point_on_seg.cpp
         seg_qdot.cpp
         seg_qdotdot.cpp
         seg_solve_wrench_eqns.cpp
         Compiling...
         seg_vel_point_on_seg.cpp
         Segment.cpp
         m03_00_calculate_kinematics.cpp
         m03_01_diff_q.cpp
         m03_02_calc_angular_quantities.cpp
         m02_03_01_calc_seg_pos_vectors.cpp
         m03_04_calc_linear_quantities.cpp
         m03_05_diff_origin.cpp
         m04_00_inverse_dynamics.cpp
         m05_00_muscle_model.cpp
         m05_01_pick_muscle_model.cpp
         mus_lcs_to_gcs.cpp
       Link:
         C:\Program Files (x86)\Microsoft Visual Studio 11.0\VC\bin\link.exe /ERRORREPORT:PROMPT /OUT:"C:\Users\Dan\Documents\GitHub\FreeBody\Release\Model v2.exe" /INCREMENTAL:NO /NOLOGO kernel32.lib user32.lib gdi32.lib winspool.lib comdlg32.lib advapi32.lib shell32.lib ole32.lib oleaut32.lib uuid.lib odbc32.lib odbccp32.lib /MANIFEST /MANIFESTUAC:"level='asInvoker' uiAccess='false'" /manifest:embed /DEBUG /PDB:"C:\Users\Dan\Documents\GitHub\FreeBody\Release\Model v2.pdb" /SUBSYSTEM:CONSOLE /OPT:REF /OPT:ICF /LTCG /TLBID:1 /DYNAMICBASE /NXCOMPAT /IMPLIB:"C:\Users\Dan\Documents\GitHub\FreeBody\Release\Model v2.lib" /MACHINE:X86 /SAFESEH Release\kin_cardan.obj
         Release\kin_compare_vec.obj
         Release\kin_dist_2_lines.obj
         Release\kin_dist_point_line.obj
         Release\kin_line_line_intersect.obj
         Release\kin_perp_point_on_line.obj
         Release\m02_04_01_scaling.obj
         Release\m02_05_02_patella_perf_parameters.obj
         Release\m02_05_03_patella_contact.obj
         Release\m02_07_tf_contact.obj
         Release\m02_10_define_rotation_centres.obj
         Release\m03_00_set_anth.obj
         Release\m02_05_01_joint_flexion.obj
         Release\m02_05_patella_segment.obj
         Release\m05_01_01_initialize_all_muscles.obj
         Release\m05_01_02_initialize_generic_quad.obj
         Release\m05_02_horsman_muscle_model.obj
         Release\m05_03_patella_ratios.obj
         Release\m06_03_output_opt_values_2.obj
         Release\m06_03_output_opt_values_3.obj
         Release\m06_03_output_opt_values_4.obj
         Release\m06_04_output_muscle_geometry.obj
         Release\m06_05_output_bony_geometry.obj
         Release\mus_length.obj
         Release\mus_length_change.obj
         Release\mus_opt_pt_1.obj
         Release\mus_opt_pt_2.obj
         Release\mus_opt_values_2.obj
         Release\mus_opt_values_3.obj
         Release\mus_upper_bound.obj
         Release\mus_wrapping.obj
         Release\m05_04_wrap_cylinder.obj
         Release\m06_00_output_data.obj
         Release\m06_01_output_kinematics.obj
         Release\m06_02_output_trad_ida.obj
         Release\m06_03_output_opt_values.obj
         "Release\Model v2.obj"
         Release\mus_opt_values_1.obj
         Release\seg_pos_point_in_lcs.obj
         Release\seg_rot_to_gcs.obj
         Release\stdafx.obj
         Release\Structure.obj
         Release\pythag.obj
         Release\struc_pos_point_in_calib.obj
         Release\struc_pos_point_in_lcs.obj
         Release\struc_rot_hors_to_lcs.obj
         Release\svbksb.obj
         Release\svdcmp.obj
         Release\tqli.obj
         Release\tred2.obj
         Release\math_det2.obj
         Release\math_det3.obj
         Release\math_dotprd.obj
         Release\math_crossprd.obj
         Release\math_deriv.obj
         Release\math_mxmply.obj
         Release\math_qcon.obj
         Release\math_qmply.obj
         Release\math_skew_vec_to_matrix.obj
         Release\math_trace.obj
         Release\math_transpose.obj
         Release\math_vecmag.obj
         Release\math_vecnorm.obj
         Release\math_zeromatrix.obj
         Release\math_max.obj
         Release\math_qnorm.obj
         Release\math_qnormalise.obj
         Release\kin_crossdisp.obj
         Release\kin_distpnts.obj
         Release\kin_markcalc.obj
         Release\kin_qcalc.obj
         Release\kin_qdot.obj
         Release\kin_qrotate.obj
         Release\kin_rmatcalc.obj
         Release\m02_00_create_segments.obj
         Release\m02_01_pick_model.obj
         Release\m02_02_make_lcs.obj
         Release\m02_03_horsman_landmarks.obj
         Release\m02_04_input_landmarks.obj
         Release\io_datainput.obj
         Release\io_dataoutput.obj
         Release\io_inop.obj
         Release\io_outop.obj
         Release\readdata.obj
         Release\writedata.obj
         Release\m01_00_data_input.obj
         Release\m01_01_dans_data_input.obj
         Release\m01_01_mapcoord.obj
         Release\m01_02_dans_calibration_data.obj
         Release\m01_03_save_raw_positions.obj
         Release\seg_accn_point_on_seg.obj
         Release\seg_alpha.obj
         Release\seg_calculate_transf_cal_to_gcs.obj
         Release\seg_calculate_transf_lcs_to_gcs.obj
         Release\seg_omega.obj
         Release\seg_origindot.obj
         Release\seg_origindotdot.obj
         Release\seg_pos_point_on_seg.obj
         Release\seg_qdot.obj
         Release\seg_qdotdot.obj
         Release\seg_solve_wrench_eqns.obj
         Release\seg_vel_point_on_seg.obj
         Release\Segment.obj
         Release\m03_00_calculate_kinematics.obj
         Release\m03_01_diff_q.obj
         Release\m03_02_calc_angular_quantities.obj
         Release\m02_03_01_calc_seg_pos_vectors.obj
         Release\m03_04_calc_linear_quantities.obj
         Release\m03_05_diff_origin.obj
         Release\m04_00_inverse_dynamics.obj
         Release\m05_00_muscle_model.obj
         Release\m05_01_pick_muscle_model.obj
         Release\mus_lcs_to_gcs.obj
         Generating code
         Finished generating code
         Model v2.vcxproj -> C:\Users\Dan\Documents\GitHub\FreeBody\Release\Model v2.exe
     1>Done Building Project "C:\Users\Dan\Documents\GitHub\FreeBody\Model v2\Model v2.vcxproj" (Build target(s)).

Build succeeded.

Time Elapsed 00:00:45.94
